<?xml version="1.0" encoding="UTF-8"?>
<testng-results ignored="0" total="1" passed="1" failed="0" skipped="0">
  <reporter-output>
  </reporter-output>
  <suite started-at="2022-11-21T10:41:47 IST" name="Default suite" finished-at="2022-11-21T10:41:47 IST" duration-ms="92">
    <groups>
    </groups>
    <test started-at="2022-11-21T10:41:47 IST" name="Default test" finished-at="2022-11-21T10:41:47 IST" duration-ms="92">
      <class name="demo.SampleTest">
        <test-method signature="sampleDemo()[pri:0, instance:demo.SampleTest@4e91d63f]" started-at="2022-11-21T10:41:47 IST" name="sampleDemo" finished-at="2022-11-21T10:41:47 IST" duration-ms="17" status="PASS">
          <reporter-output>
          </reporter-output>
        </test-method> <!-- sampleDemo -->
      </class> <!-- demo.SampleTest -->
    </test> <!-- Default test -->
  </suite> <!-- Default suite -->
</testng-results>
