<?xml version="1.0" encoding="UTF-8"?>
<testng-results ignored="0" total="1" passed="1" failed="0" skipped="0">
  <reporter-output>
  </reporter-output>
  <suite started-at="2022-11-22T11:17:59 IST" name="Default suite" finished-at="2022-11-22T11:17:59 IST" duration-ms="138">
    <groups>
    </groups>
    <test started-at="2022-11-22T11:17:59 IST" name="Default test" finished-at="2022-11-22T11:17:59 IST" duration-ms="138">
      <class name="demo.BranchPractice">
        <test-method signature="branchPractice()[pri:0, instance:demo.BranchPractice@4e91d63f]" started-at="2022-11-22T11:17:59 IST" name="branchPractice" finished-at="2022-11-22T11:17:59 IST" duration-ms="29" status="PASS">
          <reporter-output>
          </reporter-output>
        </test-method> <!-- branchPractice -->
      </class> <!-- demo.BranchPractice -->
    </test> <!-- Default test -->
  </suite> <!-- Default suite -->
</testng-results>
